<?xml version="1.0" encoding="UTF-8"?>
<testsuite xmlns:xsi="http://www.w3.org/2001/XMLSchema-instance" xsi:noNamespaceSchemaLocation="https://maven.apache.org/surefire/maven-surefire-plugin/xsd/surefire-test-report-3.0.xsd" version="3.0" name="UserTest" time="0.102" tests="10" errors="0" skipped="0" failures="0">
  <properties>
    <property name="java.specification.version" value="17"/>
    <property name="sun.cpu.isalist" value="amd64"/>
    <property name="sun.jnu.encoding" value="Cp1250"/>
    <property name="java.class.path" value="C:\Users\jakub\Desktop\Studia\sem 5\Java (JwIUM)\lab3_v8\target\test-classes;C:\Users\jakub\.m2\repository\org\openjfx\javafx-controls\13\javafx-controls-13.jar;C:\Users\jakub\.m2\repository\org\openjfx\javafx-graphics\13\javafx-graphics-13.jar;C:\Users\jakub\.m2\repository\org\openjfx\javafx-base\13\javafx-base-13.jar;C:\Users\jakub\.m2\repository\org\openjfx\javafx-fxml\13\javafx-fxml-13.jar;C:\Users\jakub\.m2\repository\org\junit\jupiter\junit-jupiter-params\5.6.0\junit-jupiter-params-5.6.0.jar;C:\Users\jakub\.m2\repository\org\apiguardian\apiguardian-api\1.1.0\apiguardian-api-1.1.0.jar;C:\Users\jakub\.m2\repository\org\junit\jupiter\junit-jupiter-api\5.6.0\junit-jupiter-api-5.6.0.jar;C:\Users\jakub\.m2\repository\org\opentest4j\opentest4j\1.2.0\opentest4j-1.2.0.jar;C:\Users\jakub\.m2\repository\org\junit\platform\junit-platform-commons\1.6.0\junit-platform-commons-1.6.0.jar;"/>
    <property name="java.vm.vendor" value="Oracle Corporation"/>
    <property name="sun.arch.data.model" value="64"/>
    <property name="user.variant" value=""/>
    <property name="java.vendor.url" value="https://java.oracle.com/"/>
    <property name="user.timezone" value="Europe/Warsaw"/>
    <property name="os.name" value="Windows 11"/>
    <property name="java.vm.specification.version" value="17"/>
    <property name="user.country" value="PL"/>
    <property name="sun.java.launcher" value="SUN_STANDARD"/>
    <property name="sun.boot.library.path" value="C:\Program Files\Java\jdk-17\bin"/>
    <property name="sun.java.command" value="org.apache.maven.surefire.booter.ForkedBooter C:\Users\jakub\AppData\Local\Temp\surefire10874433649612595736 2023-11-21T14-20-32_143-jvmRun1 surefire-20231121142032411_1tmp surefire_0-20231121142032411_2tmp"/>
    <property name="jdk.debug" value="release"/>
    <property name="test" value="UserTest"/>
    <property name="surefire.test.class.path" value="C:\Users\jakub\Desktop\Studia\sem 5\Java (JwIUM)\lab3_v8\target\test-classes;C:\Users\jakub\.m2\repository\org\openjfx\javafx-controls\13\javafx-controls-13.jar;C:\Users\jakub\.m2\repository\org\openjfx\javafx-graphics\13\javafx-graphics-13.jar;C:\Users\jakub\.m2\repository\org\openjfx\javafx-base\13\javafx-base-13.jar;C:\Users\jakub\.m2\repository\org\openjfx\javafx-fxml\13\javafx-fxml-13.jar;C:\Users\jakub\.m2\repository\org\junit\jupiter\junit-jupiter-params\5.6.0\junit-jupiter-params-5.6.0.jar;C:\Users\jakub\.m2\repository\org\apiguardian\apiguardian-api\1.1.0\apiguardian-api-1.1.0.jar;C:\Users\jakub\.m2\repository\org\junit\jupiter\junit-jupiter-api\5.6.0\junit-jupiter-api-5.6.0.jar;C:\Users\jakub\.m2\repository\org\opentest4j\opentest4j\1.2.0\opentest4j-1.2.0.jar;C:\Users\jakub\.m2\repository\org\junit\platform\junit-platform-commons\1.6.0\junit-platform-commons-1.6.0.jar;"/>
    <property name="sun.cpu.endian" value="little"/>
    <property name="user.home" value="C:\Users\jakub"/>
    <property name="user.language" value="pl"/>
    <property name="java.specification.vendor" value="Oracle Corporation"/>
    <property name="jdk.module.path" value="C:\Users\jakub\Desktop\Studia\sem 5\Java (JwIUM)\lab3_v8\target\classes;C:\Users\jakub\.m2\repository\org\openjfx\javafx-controls\13\javafx-controls-13-win.jar;C:\Users\jakub\.m2\repository\org\openjfx\javafx-graphics\13\javafx-graphics-13-win.jar;C:\Users\jakub\.m2\repository\org\openjfx\javafx-base\13\javafx-base-13-win.jar;C:\Users\jakub\.m2\repository\org\openjfx\javafx-fxml\13\javafx-fxml-13-win.jar"/>
    <property name="java.version.date" value="2023-10-17"/>
    <property name="java.home" value="C:\Program Files\Java\jdk-17"/>
    <property name="file.separator" value="\"/>
    <property name="basedir" value="C:\Users\jakub\Desktop\Studia\sem 5\Java (JwIUM)\lab3_v8"/>
    <property name="java.vm.compressedOopsMode" value="Zero based"/>
    <property name="line.separator" value="&#10;"/>
    <property name="java.vm.specification.vendor" value="Oracle Corporation"/>
    <property name="java.specification.name" value="Java Platform API Specification"/>
    <property name="surefire.real.class.path" value="C:\Users\jakub\.m2\repository\org\apache\maven\surefire\surefire-booter\3.0.0\surefire-booter-3.0.0.jar;C:\Users\jakub\.m2\repository\org\apache\maven\surefire\surefire-api\3.0.0\surefire-api-3.0.0.jar;C:\Users\jakub\.m2\repository\org\apache\maven\surefire\surefire-extensions-spi\3.0.0\surefire-extensions-spi-3.0.0.jar;C:\Users\jakub\.m2\repository\org\apache\maven\surefire\surefire-logger-api\3.0.0\surefire-logger-api-3.0.0.jar;C:\Users\jakub\.m2\repository\org\apache\maven\surefire\surefire-shared-utils\3.0.0\surefire-shared-utils-3.0.0.jar;C:\Users\jakub\Desktop\Studia\sem 5\Java (JwIUM)\lab3_v8\target\test-classes;C:\Users\jakub\.m2\repository\org\openjfx\javafx-controls\13\javafx-controls-13.jar;C:\Users\jakub\.m2\repository\org\openjfx\javafx-graphics\13\javafx-graphics-13.jar;C:\Users\jakub\.m2\repository\org\openjfx\javafx-base\13\javafx-base-13.jar;C:\Users\jakub\.m2\repository\org\openjfx\javafx-fxml\13\javafx-fxml-13.jar;C:\Users\jakub\.m2\repository\org\junit\jupiter\junit-jupiter-params\5.6.0\junit-jupiter-params-5.6.0.jar;C:\Users\jakub\.m2\repository\org\apiguardian\apiguardian-api\1.1.0\apiguardian-api-1.1.0.jar;C:\Users\jakub\.m2\repository\org\junit\jupiter\junit-jupiter-api\5.6.0\junit-jupiter-api-5.6.0.jar;C:\Users\jakub\.m2\repository\org\opentest4j\opentest4j\1.2.0\opentest4j-1.2.0.jar;C:\Users\jakub\.m2\repository\org\junit\platform\junit-platform-commons\1.6.0\junit-platform-commons-1.6.0.jar;C:\Users\jakub\.m2\repository\org\apache\maven\surefire\surefire-junit-platform\3.0.0\surefire-junit-platform-3.0.0.jar;C:\Users\jakub\.m2\repository\org\apache\maven\surefire\common-java5\3.0.0\common-java5-3.0.0.jar;C:\Users\jakub\.m2\repository\org\junit\platform\junit-platform-launcher\1.6.0\junit-platform-launcher-1.6.0.jar;C:\Users\jakub\.m2\repository\org\junit\platform\junit-platform-engine\1.6.0\junit-platform-engine-1.6.0.jar;C:\Users\jakub\.m2\repository\org\junit\jupiter\junit-jupiter-engine\5.6.0\junit-jupiter-engine-5.6.0.jar"/>
    <property name="user.script" value=""/>
    <property name="sun.management.compiler" value="HotSpot 64-Bit Tiered Compilers"/>
    <property name="java.runtime.version" value="17.0.9+11-LTS-201"/>
    <property name="user.name" value="jakub"/>
    <property name="path.separator" value=";"/>
    <property name="os.version" value="10.0"/>
    <property name="java.runtime.name" value="Java(TM) SE Runtime Environment"/>
    <property name="file.encoding" value="UTF-8"/>
    <property name="java.vm.name" value="Java HotSpot(TM) 64-Bit Server VM"/>
    <property name="maven.ext.class.path" value="C:\Program Files\NetBeans-18\netbeans\java\maven-nblib\netbeans-eventspy.jar"/>
    <property name="localRepository" value="C:\Users\jakub\.m2\repository"/>
    <property name="java.vendor.url.bug" value="https://bugreport.java.com/bugreport/"/>
    <property name="java.io.tmpdir" value="C:\Users\jakub\AppData\Local\Temp\"/>
    <property name="java.version" value="17.0.9"/>
    <property name="user.dir" value="C:\Users\jakub\Desktop\Studia\sem 5\Java (JwIUM)\lab3_v8"/>
    <property name="os.arch" value="amd64"/>
    <property name="java.vm.specification.name" value="Java Virtual Machine Specification"/>
    <property name="sun.os.patch.level" value=""/>
    <property name="native.encoding" value="Cp1250"/>
    <property name="java.library.path" value="C:\Program Files\Java\jdk-17\bin;C:\WINDOWS\Sun\Java\bin;C:\WINDOWS\system32;C:\WINDOWS;C:\Program Files\Common Files\Oracle\Java\javapath;C:\Program Files (x86)\Common Files\Oracle\Java\javapath;C:\Windows\system32;C:\Windows;C:\Windows\System32\Wbem;C:\Windows\System32\WindowsPowerShell\v1.0\;C:\Windows\System32\OpenSSH\;C:\Program Files (x86)\NVIDIA Corporation\PhysX\Common;C:\Program Files\NVIDIA Corporation\NVIDIA NvDLISR;C:\WINDOWS\system32;C:\WINDOWS;C:\WINDOWS\System32\Wbem;C:\WINDOWS\System32\WindowsPowerShell\v1.0\;C:\WINDOWS\System32\OpenSSH\;C:\Program Files\nodejs\;C:\Program Files\dotnet\;C:\Program Files\Git\cmd;C:\Program Files\Git\mingw64\bin;C:\Program Files\Git\usr\bin;C:\Users\jakub\AppData\Local\Microsoft\WindowsApps;C:\Users\jakub\AppData\Local\Programs\Microsoft VS Code\bin;C:\Users\jakub\AppData\Roaming\npm;C:\src\flutter\bin;C:\Users\jakub\AppData\Local\GitHubDesktop\bin;C:\Users\jakub\.dotnet\tools;."/>
    <property name="java.vm.info" value="mixed mode"/>
    <property name="java.vendor" value="Oracle Corporation"/>
    <property name="java.vm.version" value="17.0.9+11-LTS-201"/>
    <property name="sun.io.unicode.encoding" value="UnicodeLittle"/>
    <property name="java.class.version" value="61.0"/>
  </properties>
  <testcase name="testFindUserByUsername(String, boolean)[1]" classname="UserTest" time="0.034"/>
  <testcase name="testFindUserByUsername(String, boolean)[2]" classname="UserTest" time="0.001"/>
  <testcase name="testFindUserByUsername(String, boolean)[3]" classname="UserTest" time="0.001"/>
  <testcase name="testAddNewUser" classname="UserTest" time="0.008"/>
  <testcase name="testAddUserWithEmptyUsername" classname="UserTest" time="0.003"/>
  <testcase name="testAddUserWithNullUsername" classname="UserTest" time="0.001"/>
  <testcase name="testAddNullUser" classname="UserTest" time="0"/>
  <testcase name="testFindUserById(int, boolean)[1]" classname="UserTest" time="0.001"/>
  <testcase name="testFindUserById(int, boolean)[2]" classname="UserTest" time="0.001"/>
  <testcase name="testFindUserById(int, boolean)[3]" classname="UserTest" time="0.001"/>
</testsuite>